2022-08-24 21:20:50.368 -03:00 [INF] Programa finalizado.
2022-08-24 21:22:59.215 -03:00 [INF] Programa finalizado.
2022-08-24 21:25:03.226 -03:00 [INF] Programa finalizado.
2022-08-24 21:25:29.476 -03:00 [ERR] Erro ao enviar a mensagem teste de mensagem do lucas para Daniela Amor
OpenQA.Selenium.WebDriverException: chrome not reachable
  (Session info: chrome=104.0.5112.102)
   at OpenQA.Selenium.Remote.RemoteWebDriver.UnpackAndThrowOnError(Response errorResponse)
   at OpenQA.Selenium.Remote.RemoteWebDriver.Execute(String driverCommandToExecute, Dictionary`2 parameters)
   at OpenQA.Selenium.Remote.RemoteWebDriver.FindElement(String mechanism, String value)
   at OpenQA.Selenium.Support.UI.ExpectedConditions.<>c__DisplayClass7_0.<ElementIsVisible>b__0(IWebDriver driver)
   at OpenQA.Selenium.Support.UI.DefaultWait`1.Until[TResult](Func`2 condition)
   at WhatsApp.SimpleCRM.Infra.Data.Repositories.SeleniumMessageRepository.NavigateToRecipientChat(String recipient) in C:\Users\lcsev\source\repos\DaniControl\Outros\WhatsApp.SimpleCRM.Infra.Data\Repositories\SeleniumMessageRepository.cs:line 192
   at WhatsApp.SimpleCRM.Infra.Data.Repositories.SeleniumMessageRepository.SendMessage(String recipient, String message) in C:\Users\lcsev\source\repos\DaniControl\Outros\WhatsApp.SimpleCRM.Infra.Data\Repositories\SeleniumMessageRepository.cs:line 168
2022-08-24 21:25:29.678 -03:00 [ERR] Erro ao tentar enviar mensagens
OpenQA.Selenium.WebDriverException: chrome not reachable
  (Session info: chrome=104.0.5112.102)
   at OpenQA.Selenium.Remote.RemoteWebDriver.UnpackAndThrowOnError(Response errorResponse)
   at OpenQA.Selenium.Remote.RemoteWebDriver.Execute(String driverCommandToExecute, Dictionary`2 parameters)
   at OpenQA.Selenium.Remote.RemoteWebDriver.Close()
   at WhatsApp.SimpleCRM.Infra.Data.Repositories.SeleniumMessageRepository.CloseBrowser() in C:\Users\lcsev\source\repos\DaniControl\Outros\WhatsApp.SimpleCRM.Infra.Data\Repositories\SeleniumMessageRepository.cs:line 155
   at WhatsApp.SimpleCRM.Infra.Data.Repositories.SeleniumMessageRepository.SendBatch(IEnumerable`1 communications) in C:\Users\lcsev\source\repos\DaniControl\Outros\WhatsApp.SimpleCRM.Infra.Data\Repositories\SeleniumMessageRepository.cs:line 79
2022-08-24 21:25:29.680 -03:00 [INF] Programa finalizado.
2022-08-24 21:27:16.055 -03:00 [ERR] Erro ao enviar a mensagem teste de mensagem do lucas para Daniela Amor
OpenQA.Selenium.WebDriverException: chrome not reachable
  (Session info: chrome=104.0.5112.102)
   at OpenQA.Selenium.Remote.RemoteWebDriver.UnpackAndThrowOnError(Response errorResponse)
   at OpenQA.Selenium.Remote.RemoteWebDriver.Execute(String driverCommandToExecute, Dictionary`2 parameters)
   at OpenQA.Selenium.Remote.RemoteWebDriver.FindElement(String mechanism, String value)
   at OpenQA.Selenium.Support.UI.ExpectedConditions.<>c__DisplayClass7_0.<ElementIsVisible>b__0(IWebDriver driver)
   at OpenQA.Selenium.Support.UI.DefaultWait`1.Until[TResult](Func`2 condition)
   at WhatsApp.SimpleCRM.Infra.Data.Repositories.SeleniumMessageRepository.NavigateToRecipientChat(String recipient) in C:\Users\lcsev\source\repos\DaniControl\Outros\WhatsApp.SimpleCRM.Infra.Data\Repositories\SeleniumMessageRepository.cs:line 192
   at WhatsApp.SimpleCRM.Infra.Data.Repositories.SeleniumMessageRepository.SendMessage(String recipient, String message) in C:\Users\lcsev\source\repos\DaniControl\Outros\WhatsApp.SimpleCRM.Infra.Data\Repositories\SeleniumMessageRepository.cs:line 168
2022-08-24 21:27:16.306 -03:00 [ERR] Erro ao tentar enviar mensagens
OpenQA.Selenium.WebDriverException: chrome not reachable
  (Session info: chrome=104.0.5112.102)
   at OpenQA.Selenium.Remote.RemoteWebDriver.UnpackAndThrowOnError(Response errorResponse)
   at OpenQA.Selenium.Remote.RemoteWebDriver.Execute(String driverCommandToExecute, Dictionary`2 parameters)
   at OpenQA.Selenium.Remote.RemoteWebDriver.Close()
   at WhatsApp.SimpleCRM.Infra.Data.Repositories.SeleniumMessageRepository.CloseBrowser() in C:\Users\lcsev\source\repos\DaniControl\Outros\WhatsApp.SimpleCRM.Infra.Data\Repositories\SeleniumMessageRepository.cs:line 155
   at WhatsApp.SimpleCRM.Infra.Data.Repositories.SeleniumMessageRepository.SendBatch(IEnumerable`1 communications) in C:\Users\lcsev\source\repos\DaniControl\Outros\WhatsApp.SimpleCRM.Infra.Data\Repositories\SeleniumMessageRepository.cs:line 79
2022-08-24 21:27:16.310 -03:00 [INF] Programa finalizado.
2022-08-24 21:30:11.390 -03:00 [INF] Programa finalizado.
2022-08-24 21:31:55.023 -03:00 [INF] Programa finalizado.
2022-08-24 21:32:25.891 -03:00 [ERR] Erro ao enviar a mensagem teste de mensagem do lucas para Daniela Amor
OpenQA.Selenium.WebDriverException: chrome not reachable
  (Session info: chrome=104.0.5112.102)
   at OpenQA.Selenium.Remote.RemoteWebDriver.UnpackAndThrowOnError(Response errorResponse)
   at OpenQA.Selenium.Remote.RemoteWebDriver.Execute(String driverCommandToExecute, Dictionary`2 parameters)
   at OpenQA.Selenium.Remote.RemoteWebDriver.FindElement(String mechanism, String value)
   at OpenQA.Selenium.Support.UI.ExpectedConditions.<>c__DisplayClass7_0.<ElementIsVisible>b__0(IWebDriver driver)
   at OpenQA.Selenium.Support.UI.DefaultWait`1.Until[TResult](Func`2 condition)
   at WhatsApp.SimpleCRM.Infra.Data.Repositories.SeleniumMessageRepository.NavigateToRecipientChat(String recipient) in C:\Users\lcsev\source\repos\DaniControl\Outros\WhatsApp.SimpleCRM.Infra.Data\Repositories\SeleniumMessageRepository.cs:line 192
   at WhatsApp.SimpleCRM.Infra.Data.Repositories.SeleniumMessageRepository.SendMessage(String recipient, String message) in C:\Users\lcsev\source\repos\DaniControl\Outros\WhatsApp.SimpleCRM.Infra.Data\Repositories\SeleniumMessageRepository.cs:line 168
2022-08-24 21:32:25.979 -03:00 [INF] Programa finalizado.
2022-08-24 21:35:17.453 -03:00 [INF] Programa finalizado.
2022-08-24 21:35:44.572 -03:00 [INF] Programa finalizado.
2022-08-24 21:43:59.750 -03:00 [ERR] Erro ao enviar a mensagem teste de mensagem do lucas para Daniela Amor
OpenQA.Selenium.NoSuchElementException: no such element: Unable to locate element: {"method":"xpath","selector":"//span[@data-icon='send']"}
  (Session info: chrome=104.0.5112.102)
   at OpenQA.Selenium.Remote.RemoteWebDriver.UnpackAndThrowOnError(Response errorResponse)
   at OpenQA.Selenium.Remote.RemoteWebDriver.Execute(String driverCommandToExecute, Dictionary`2 parameters)
   at OpenQA.Selenium.Remote.RemoteWebElement.FindElement(String mechanism, String value)
   at WhatsApp.SimpleCRM.Infra.Data.Repositories.SeleniumMessageRepository.ClickOnSend()
   at WhatsApp.SimpleCRM.Infra.Data.Repositories.SeleniumMessageRepository.SendMessage(String recipient, String message)
2022-08-24 21:43:59.831 -03:00 [INF] Programa finalizado.
2022-08-24 21:44:00.112 -03:00 [INF] Programa finalizado.
2022-08-24 21:44:02.619 -03:00 [ERR] Erro ao tentar enviar mensagens
OpenQA.Selenium.WebDriverException: unknown error: failed to change window state to 'normal', current state is 'maximized'
  (Session info: chrome=104.0.5112.102)
   at OpenQA.Selenium.Remote.RemoteWebDriver.UnpackAndThrowOnError(Response errorResponse)
   at OpenQA.Selenium.Remote.RemoteWebDriver.Execute(String driverCommandToExecute, Dictionary`2 parameters)
   at OpenQA.Selenium.Remote.RemoteWindow.set_Size(Size value)
   at WhatsApp.SimpleCRM.Infra.Data.Repositories.SeleniumMessageRepository.OpenBrowser()
   at WhatsApp.SimpleCRM.Infra.Data.Repositories.SeleniumMessageRepository.SendBatch(IEnumerable`1 communications)
2022-08-24 21:44:02.622 -03:00 [INF] Programa finalizado.
2022-08-24 21:44:17.755 -03:00 [ERR] Erro ao enviar a mensagem teste de mensagem do lucas para Daniela Amor
OpenQA.Selenium.ElementClickInterceptedException: element click intercepted: Element <span dir="auto" title="..." class="ggj6brxn gfz4du6o r7fjleex g0rxnol2 lhj4utae le5p0ye3 l7jjieqr i0jNr">Daniela Amor</span> is not clickable at point (179, 0). Other element would receive the click: <div class="_1ADa8 _3Nsgw app-wrapper-web font-fix os-win">...</div>
  (Session info: chrome=104.0.5112.102)
   at OpenQA.Selenium.Remote.RemoteWebDriver.UnpackAndThrowOnError(Response errorResponse)
   at OpenQA.Selenium.Remote.RemoteWebDriver.Execute(String driverCommandToExecute, Dictionary`2 parameters)
   at OpenQA.Selenium.Remote.RemoteWebElement.Click()
   at WhatsApp.SimpleCRM.Infra.Data.Repositories.SeleniumMessageRepository.NavigateToRecipientChat(String recipient)
   at WhatsApp.SimpleCRM.Infra.Data.Repositories.SeleniumMessageRepository.SendMessage(String recipient, String message)
2022-08-24 21:44:17.775 -03:00 [INF] Programa finalizado.
2022-08-24 21:44:35.743 -03:00 [ERR] Erro ao enviar a mensagem teste de mensagem do lucas para Daniela Amor
OpenQA.Selenium.ElementClickInterceptedException: element click intercepted: Element <span dir="auto" title="..." class="ggj6brxn gfz4du6o r7fjleex g0rxnol2 lhj4utae le5p0ye3 l7jjieqr i0jNr">Daniela Amor</span> is not clickable at point (179, 0). Other element would receive the click: <div class="_1ADa8 _3Nsgw app-wrapper-web font-fix os-win">...</div>
  (Session info: chrome=104.0.5112.102)
   at OpenQA.Selenium.Remote.RemoteWebDriver.UnpackAndThrowOnError(Response errorResponse)
   at OpenQA.Selenium.Remote.RemoteWebDriver.Execute(String driverCommandToExecute, Dictionary`2 parameters)
   at OpenQA.Selenium.Remote.RemoteWebElement.Click()
   at WhatsApp.SimpleCRM.Infra.Data.Repositories.SeleniumMessageRepository.NavigateToRecipientChat(String recipient)
   at WhatsApp.SimpleCRM.Infra.Data.Repositories.SeleniumMessageRepository.SendMessage(String recipient, String message)
2022-08-24 21:44:35.768 -03:00 [INF] Programa finalizado.
2022-08-24 21:45:03.950 -03:00 [INF] Programa finalizado.
2022-08-24 21:45:20.741 -03:00 [INF] Programa finalizado.
2022-08-24 21:54:30.366 -03:00 [ERR] Erro ao enviar a mensagem teste de mensagem do lucas para +5532998313394
OpenQA.Selenium.StaleElementReferenceException: stale element reference: element is not attached to the page document
  (Session info: chrome=104.0.5112.102)
   at OpenQA.Selenium.Remote.RemoteWebDriver.UnpackAndThrowOnError(Response errorResponse)
   at OpenQA.Selenium.Remote.RemoteWebDriver.Execute(String driverCommandToExecute, Dictionary`2 parameters)
   at OpenQA.Selenium.Remote.RemoteWebElement.FindElement(String mechanism, String value)
   at WhatsApp.SimpleCRM.Infra.Data.Repositories.SeleniumMessageRepository.NavigateToRecipientChat(String recipient) in C:\Users\lcsev\source\repos\DaniControl\Outros\WhatsApp.SimpleCRM.Infra.Data\Repositories\SeleniumMessageRepository.cs:line 208
   at WhatsApp.SimpleCRM.Infra.Data.Repositories.SeleniumMessageRepository.SendMessage(String recipient, String message) in C:\Users\lcsev\source\repos\DaniControl\Outros\WhatsApp.SimpleCRM.Infra.Data\Repositories\SeleniumMessageRepository.cs:line 178
2022-08-24 21:54:30.467 -03:00 [INF] Programa finalizado.
2022-08-24 21:56:15.144 -03:00 [ERR] Erro ao enviar a mensagem teste de mensagem do lucas para +5532998313394
OpenQA.Selenium.StaleElementReferenceException: stale element reference: element is not attached to the page document
  (Session info: chrome=104.0.5112.102)
   at OpenQA.Selenium.Remote.RemoteWebDriver.UnpackAndThrowOnError(Response errorResponse)
   at OpenQA.Selenium.Remote.RemoteWebDriver.Execute(String driverCommandToExecute, Dictionary`2 parameters)
   at OpenQA.Selenium.Remote.RemoteWebElement.FindElement(String mechanism, String value)
   at WhatsApp.SimpleCRM.Infra.Data.Repositories.SeleniumMessageRepository.NavigateToRecipientChat(String recipient) in C:\Users\lcsev\source\repos\DaniControl\Outros\WhatsApp.SimpleCRM.Infra.Data\Repositories\SeleniumMessageRepository.cs:line 208
   at WhatsApp.SimpleCRM.Infra.Data.Repositories.SeleniumMessageRepository.SendMessage(String recipient, String message) in C:\Users\lcsev\source\repos\DaniControl\Outros\WhatsApp.SimpleCRM.Infra.Data\Repositories\SeleniumMessageRepository.cs:line 178
2022-08-24 21:57:59.854 -03:00 [ERR] Erro ao enviar a mensagem teste de mensagem do lucas para +5532998313394
OpenQA.Selenium.StaleElementReferenceException: stale element reference: element is not attached to the page document
  (Session info: chrome=104.0.5112.102)
   at OpenQA.Selenium.Remote.RemoteWebDriver.UnpackAndThrowOnError(Response errorResponse)
   at OpenQA.Selenium.Remote.RemoteWebDriver.Execute(String driverCommandToExecute, Dictionary`2 parameters)
   at OpenQA.Selenium.Remote.RemoteWebElement.FindElement(String mechanism, String value)
   at WhatsApp.SimpleCRM.Infra.Data.Repositories.SeleniumMessageRepository.NavigateToRecipientChat(String recipient) in C:\Users\lcsev\source\repos\DaniControl\Outros\WhatsApp.SimpleCRM.Infra.Data\Repositories\SeleniumMessageRepository.cs:line 210
   at WhatsApp.SimpleCRM.Infra.Data.Repositories.SeleniumMessageRepository.SendMessage(String recipient, String message) in C:\Users\lcsev\source\repos\DaniControl\Outros\WhatsApp.SimpleCRM.Infra.Data\Repositories\SeleniumMessageRepository.cs:line 178
2022-08-24 21:59:31.216 -03:00 [ERR] Erro ao enviar a mensagem teste de mensagem do lucas para +5532998313394
OpenQA.Selenium.NoSuchElementException: no such element: Unable to locate element: {"method":"xpath","selector":"//span[@title='+5532998313394']"}
  (Session info: chrome=104.0.5112.102)
   at OpenQA.Selenium.Remote.RemoteWebDriver.UnpackAndThrowOnError(Response errorResponse)
   at OpenQA.Selenium.Remote.RemoteWebDriver.Execute(String driverCommandToExecute, Dictionary`2 parameters)
   at OpenQA.Selenium.Remote.RemoteWebElement.FindElement(String mechanism, String value)
   at WhatsApp.SimpleCRM.Infra.Data.Repositories.SeleniumMessageRepository.NavigateToRecipientChat(String recipient) in C:\Users\lcsev\source\repos\DaniControl\Outros\WhatsApp.SimpleCRM.Infra.Data\Repositories\SeleniumMessageRepository.cs:line 208
   at WhatsApp.SimpleCRM.Infra.Data.Repositories.SeleniumMessageRepository.SendMessage(String recipient, String message) in C:\Users\lcsev\source\repos\DaniControl\Outros\WhatsApp.SimpleCRM.Infra.Data\Repositories\SeleniumMessageRepository.cs:line 178
2022-08-24 21:59:31.307 -03:00 [INF] Programa finalizado.
2022-08-24 22:08:37.567 -03:00 [ERR] Erro ao enviar a mensagem teste de mensagem do lucas para Daniela Amor
OpenQA.Selenium.NoSuchElementException: no such element: Unable to locate element: {"method":"xpath","selector":"//div[@spellcheck='true']"}
  (Session info: chrome=104.0.5112.102)
   at OpenQA.Selenium.Remote.RemoteWebDriver.UnpackAndThrowOnError(Response errorResponse)
   at OpenQA.Selenium.Remote.RemoteWebDriver.Execute(String driverCommandToExecute, Dictionary`2 parameters)
   at OpenQA.Selenium.Remote.RemoteWebElement.FindElement(String mechanism, String value)
   at WhatsApp.SimpleCRM.Infra.Data.Repositories.SeleniumMessageRepository.TypeMessage(String message) in C:\Users\lcsev\source\repos\DaniControl\Outros\WhatsApp.SimpleCRM.Infra.Data\Repositories\SeleniumMessageRepository.cs:line 220
   at WhatsApp.SimpleCRM.Infra.Data.Repositories.SeleniumMessageRepository.SendMessage(String recipient, String message) in C:\Users\lcsev\source\repos\DaniControl\Outros\WhatsApp.SimpleCRM.Infra.Data\Repositories\SeleniumMessageRepository.cs:line 182
2022-08-24 22:08:41.351 -03:00 [ERR] Erro ao enviar a mensagem teste de mensagem do lucas para +5532998313394
OpenQA.Selenium.NoSuchElementException: no such element: Unable to locate element: {"method":"xpath","selector":"//div[@spellcheck='true']"}
  (Session info: chrome=104.0.5112.102)
   at OpenQA.Selenium.Remote.RemoteWebDriver.UnpackAndThrowOnError(Response errorResponse)
   at OpenQA.Selenium.Remote.RemoteWebDriver.Execute(String driverCommandToExecute, Dictionary`2 parameters)
   at OpenQA.Selenium.Remote.RemoteWebElement.FindElement(String mechanism, String value)
   at WhatsApp.SimpleCRM.Infra.Data.Repositories.SeleniumMessageRepository.TypeMessage(String message) in C:\Users\lcsev\source\repos\DaniControl\Outros\WhatsApp.SimpleCRM.Infra.Data\Repositories\SeleniumMessageRepository.cs:line 220
   at WhatsApp.SimpleCRM.Infra.Data.Repositories.SeleniumMessageRepository.SendMessage(String recipient, String message) in C:\Users\lcsev\source\repos\DaniControl\Outros\WhatsApp.SimpleCRM.Infra.Data\Repositories\SeleniumMessageRepository.cs:line 182
2022-08-24 22:08:42.542 -03:00 [INF] Programa finalizado.
2022-08-24 22:08:42.542 -03:00 [INF] Programa finalizado.
2022-08-24 22:15:59.490 -03:00 [ERR] Erro ao enviar a mensagem teste de mensagem do lucas para +5532998313394
OpenQA.Selenium.NoSuchElementException: no such element: Unable to locate element: {"method":"css selector","selector":"a[href*='https://web.whatsapp.com/send']"}
  (Session info: chrome=104.0.5112.102)
   at OpenQA.Selenium.Remote.RemoteWebDriver.UnpackAndThrowOnError(Response errorResponse)
   at OpenQA.Selenium.Remote.RemoteWebDriver.Execute(String driverCommandToExecute, Dictionary`2 parameters)
   at OpenQA.Selenium.Remote.RemoteWebElement.FindElement(String mechanism, String value)
   at WhatsApp.SimpleCRM.Infra.Data.Repositories.SeleniumMessageRepository.NavigateToRecipientChat(String recipient) in C:\Users\lcsev\source\repos\DaniControl\Outros\WhatsApp.SimpleCRM.Infra.Data\Repositories\SeleniumMessageRepository.cs:line 216
   at WhatsApp.SimpleCRM.Infra.Data.Repositories.SeleniumMessageRepository.SendMessage(String recipient, String message) in C:\Users\lcsev\source\repos\DaniControl\Outros\WhatsApp.SimpleCRM.Infra.Data\Repositories\SeleniumMessageRepository.cs:line 178
2022-08-24 22:15:59.569 -03:00 [INF] Programa finalizado.
2022-08-24 22:17:27.269 -03:00 [ERR] Erro ao enviar a mensagem teste de mensagem do lucas para +5532998313394
OpenQA.Selenium.NoSuchElementException: no such element: Unable to locate element: {"method":"css selector","selector":"a[href*='https://web.whatsapp.com/send']"}
  (Session info: chrome=104.0.5112.102)
   at OpenQA.Selenium.Remote.RemoteWebDriver.UnpackAndThrowOnError(Response errorResponse)
   at OpenQA.Selenium.Remote.RemoteWebDriver.Execute(String driverCommandToExecute, Dictionary`2 parameters)
   at OpenQA.Selenium.Remote.RemoteWebElement.FindElement(String mechanism, String value)
   at WhatsApp.SimpleCRM.Infra.Data.Repositories.SeleniumMessageRepository.NavigateToRecipientChat(String recipient) in C:\Users\lcsev\source\repos\DaniControl\Outros\WhatsApp.SimpleCRM.Infra.Data\Repositories\SeleniumMessageRepository.cs:line 214
   at WhatsApp.SimpleCRM.Infra.Data.Repositories.SeleniumMessageRepository.SendMessage(String recipient, String message) in C:\Users\lcsev\source\repos\DaniControl\Outros\WhatsApp.SimpleCRM.Infra.Data\Repositories\SeleniumMessageRepository.cs:line 178
2022-08-24 22:17:27.368 -03:00 [INF] Programa finalizado.
2022-08-24 22:19:08.459 -03:00 [ERR] Erro ao enviar a mensagem teste de mensagem do lucas para +5532998313394
OpenQA.Selenium.NoSuchElementException: no such element: Unable to locate element: {"method":"css selector","selector":"a[href*='https://web.whatsapp.com/send']"}
  (Session info: chrome=104.0.5112.102)
   at OpenQA.Selenium.Remote.RemoteWebDriver.UnpackAndThrowOnError(Response errorResponse)
   at OpenQA.Selenium.Remote.RemoteWebDriver.Execute(String driverCommandToExecute, Dictionary`2 parameters)
   at OpenQA.Selenium.Remote.RemoteWebElement.FindElement(String mechanism, String value)
   at WhatsApp.SimpleCRM.Infra.Data.Repositories.SeleniumMessageRepository.NavigateToRecipientChat(String recipient) in C:\Users\lcsev\source\repos\DaniControl\Outros\WhatsApp.SimpleCRM.Infra.Data\Repositories\SeleniumMessageRepository.cs:line 216
   at WhatsApp.SimpleCRM.Infra.Data.Repositories.SeleniumMessageRepository.SendMessage(String recipient, String message) in C:\Users\lcsev\source\repos\DaniControl\Outros\WhatsApp.SimpleCRM.Infra.Data\Repositories\SeleniumMessageRepository.cs:line 178
2022-08-24 22:19:21.151 -03:00 [INF] Programa finalizado.
2022-08-24 22:20:00.786 -03:00 [ERR] Erro ao enviar a mensagem teste de mensagem do lucas para +5532998313394
OpenQA.Selenium.StaleElementReferenceException: stale element reference: element is not attached to the page document
  (Session info: chrome=104.0.5112.102)
   at OpenQA.Selenium.Remote.RemoteWebDriver.UnpackAndThrowOnError(Response errorResponse)
   at OpenQA.Selenium.Remote.RemoteWebDriver.Execute(String driverCommandToExecute, Dictionary`2 parameters)
   at OpenQA.Selenium.Remote.RemoteWebElement.FindElement(String mechanism, String value)
   at WhatsApp.SimpleCRM.Infra.Data.Repositories.SeleniumMessageRepository.NavigateToRecipientChat(String recipient) in C:\Users\lcsev\source\repos\DaniControl\Outros\WhatsApp.SimpleCRM.Infra.Data\Repositories\SeleniumMessageRepository.cs:line 216
   at WhatsApp.SimpleCRM.Infra.Data.Repositories.SeleniumMessageRepository.SendMessage(String recipient, String message) in C:\Users\lcsev\source\repos\DaniControl\Outros\WhatsApp.SimpleCRM.Infra.Data\Repositories\SeleniumMessageRepository.cs:line 178
2022-08-24 22:20:05.191 -03:00 [INF] Programa finalizado.
2022-08-24 22:20:24.755 -03:00 [ERR] Erro ao enviar a mensagem teste de mensagem do lucas para +5532998313394
OpenQA.Selenium.NoSuchElementException: no such element: Unable to locate element: {"method":"css selector","selector":"a[href*='https://web.whatsapp.com/send']"}
  (Session info: chrome=104.0.5112.102)
   at OpenQA.Selenium.Remote.RemoteWebDriver.UnpackAndThrowOnError(Response errorResponse)
   at OpenQA.Selenium.Remote.RemoteWebDriver.Execute(String driverCommandToExecute, Dictionary`2 parameters)
   at OpenQA.Selenium.Remote.RemoteWebElement.FindElement(String mechanism, String value)
   at WhatsApp.SimpleCRM.Infra.Data.Repositories.SeleniumMessageRepository.NavigateToRecipientChat(String recipient) in C:\Users\lcsev\source\repos\DaniControl\Outros\WhatsApp.SimpleCRM.Infra.Data\Repositories\SeleniumMessageRepository.cs:line 216
   at WhatsApp.SimpleCRM.Infra.Data.Repositories.SeleniumMessageRepository.SendMessage(String recipient, String message) in C:\Users\lcsev\source\repos\DaniControl\Outros\WhatsApp.SimpleCRM.Infra.Data\Repositories\SeleniumMessageRepository.cs:line 178
2022-08-24 22:20:28.485 -03:00 [INF] Programa finalizado.
2022-08-24 22:21:34.266 -03:00 [ERR] Erro ao enviar a mensagem teste de mensagem do lucas para +5532998313394
OpenQA.Selenium.NoSuchElementException: no such element: Unable to locate element: {"method":"xpath","selector":"//div[@spellcheck='true']"}
  (Session info: chrome=104.0.5112.102)
   at OpenQA.Selenium.Remote.RemoteWebDriver.UnpackAndThrowOnError(Response errorResponse)
   at OpenQA.Selenium.Remote.RemoteWebDriver.Execute(String driverCommandToExecute, Dictionary`2 parameters)
   at OpenQA.Selenium.Remote.RemoteWebElement.FindElement(String mechanism, String value)
   at WhatsApp.SimpleCRM.Infra.Data.Repositories.SeleniumMessageRepository.TypeMessage(String message)
   at WhatsApp.SimpleCRM.Infra.Data.Repositories.SeleniumMessageRepository.SendMessage(String recipient, String message)
2022-08-24 22:21:34.283 -03:00 [INF] Programa finalizado.
2022-08-24 22:21:51.475 -03:00 [ERR] Erro ao enviar a mensagem teste de mensagem do lucas para +5532998313394
OpenQA.Selenium.NoSuchElementException: no such element: Unable to locate element: {"method":"xpath","selector":"//div[@spellcheck='true']"}
  (Session info: chrome=104.0.5112.102)
   at OpenQA.Selenium.Remote.RemoteWebDriver.UnpackAndThrowOnError(Response errorResponse)
   at OpenQA.Selenium.Remote.RemoteWebDriver.Execute(String driverCommandToExecute, Dictionary`2 parameters)
   at OpenQA.Selenium.Remote.RemoteWebElement.FindElement(String mechanism, String value)
   at WhatsApp.SimpleCRM.Infra.Data.Repositories.SeleniumMessageRepository.TypeMessage(String message)
   at WhatsApp.SimpleCRM.Infra.Data.Repositories.SeleniumMessageRepository.SendMessage(String recipient, String message)
2022-08-24 22:21:51.490 -03:00 [INF] Programa finalizado.
2022-08-24 22:22:47.556 -03:00 [ERR] Erro ao enviar a mensagem teste de mensagem do lucas para +5532998313394
OpenQA.Selenium.StaleElementReferenceException: stale element reference: element is not attached to the page document
  (Session info: chrome=104.0.5112.102)
   at OpenQA.Selenium.Remote.RemoteWebDriver.UnpackAndThrowOnError(Response errorResponse)
   at OpenQA.Selenium.Remote.RemoteWebDriver.Execute(String driverCommandToExecute, Dictionary`2 parameters)
   at OpenQA.Selenium.Remote.RemoteWebElement.FindElement(String mechanism, String value)
   at WhatsApp.SimpleCRM.Infra.Data.Repositories.SeleniumMessageRepository.TypeMessage(String message)
   at WhatsApp.SimpleCRM.Infra.Data.Repositories.SeleniumMessageRepository.SendMessage(String recipient, String message)
2022-08-24 22:22:47.578 -03:00 [INF] Programa finalizado.
2022-08-24 22:23:00.482 -03:00 [ERR] Erro ao enviar a mensagem teste de mensagem do lucas para +5532998313394
OpenQA.Selenium.NoSuchElementException: no such element: Unable to locate element: {"method":"xpath","selector":"//div[@spellcheck='true']"}
  (Session info: chrome=104.0.5112.102)
   at OpenQA.Selenium.Remote.RemoteWebDriver.UnpackAndThrowOnError(Response errorResponse)
   at OpenQA.Selenium.Remote.RemoteWebDriver.Execute(String driverCommandToExecute, Dictionary`2 parameters)
   at OpenQA.Selenium.Remote.RemoteWebElement.FindElement(String mechanism, String value)
   at WhatsApp.SimpleCRM.Infra.Data.Repositories.SeleniumMessageRepository.TypeMessage(String message)
   at WhatsApp.SimpleCRM.Infra.Data.Repositories.SeleniumMessageRepository.SendMessage(String recipient, String message)
2022-08-24 22:23:00.502 -03:00 [INF] Programa finalizado.
2022-08-24 22:23:59.669 -03:00 [ERR] Erro ao enviar a mensagem teste de mensagem do lucas para +5532998313394
OpenQA.Selenium.NoSuchElementException: no such element: Unable to locate element: {"method":"css selector","selector":"a[href*='https://web.whatsapp.com/send']"}
  (Session info: chrome=104.0.5112.102)
   at OpenQA.Selenium.Remote.RemoteWebDriver.UnpackAndThrowOnError(Response errorResponse)
   at OpenQA.Selenium.Remote.RemoteWebDriver.Execute(String driverCommandToExecute, Dictionary`2 parameters)
   at OpenQA.Selenium.Remote.RemoteWebElement.FindElement(String mechanism, String value)
   at WhatsApp.SimpleCRM.Infra.Data.Repositories.SeleniumMessageRepository.NavigateToRecipientChat(String recipient) in C:\Users\lcsev\source\repos\DaniControl\Outros\WhatsApp.SimpleCRM.Infra.Data\Repositories\SeleniumMessageRepository.cs:line 218
   at WhatsApp.SimpleCRM.Infra.Data.Repositories.SeleniumMessageRepository.SendMessage(String recipient, String message) in C:\Users\lcsev\source\repos\DaniControl\Outros\WhatsApp.SimpleCRM.Infra.Data\Repositories\SeleniumMessageRepository.cs:line 178
2022-08-24 22:24:09.439 -03:00 [INF] Programa finalizado.
2022-08-24 22:26:14.989 -03:00 [ERR] Erro ao enviar a mensagem teste de mensagem do lucas para +5532998313394
OpenQA.Selenium.NoSuchElementException: no such element: Unable to locate element: {"method":"css selector","selector":"a[href$='https://web.whatsapp.com/send']"}
  (Session info: chrome=104.0.5112.102)
   at OpenQA.Selenium.Remote.RemoteWebDriver.UnpackAndThrowOnError(Response errorResponse)
   at OpenQA.Selenium.Remote.RemoteWebDriver.Execute(String driverCommandToExecute, Dictionary`2 parameters)
   at OpenQA.Selenium.Remote.RemoteWebElement.FindElement(String mechanism, String value)
   at WhatsApp.SimpleCRM.Infra.Data.Repositories.SeleniumMessageRepository.NavigateToRecipientChat(String recipient)
   at WhatsApp.SimpleCRM.Infra.Data.Repositories.SeleniumMessageRepository.SendMessage(String recipient, String message)
2022-08-24 22:35:34.204 -03:00 [ERR] Erro ao enviar a mensagem teste de mensagem do lucas para +5532998313394
OpenQA.Selenium.InvalidSelectorException: invalid selector: An invalid or illegal selector was specified
  (Session info: chrome=104.0.5112.102)
   at OpenQA.Selenium.Remote.RemoteWebDriver.UnpackAndThrowOnError(Response errorResponse)
   at OpenQA.Selenium.Remote.RemoteWebDriver.Execute(String driverCommandToExecute, Dictionary`2 parameters)
   at OpenQA.Selenium.Remote.RemoteWebElement.FindElement(String mechanism, String value)
   at WhatsApp.SimpleCRM.Infra.Data.Repositories.SeleniumMessageRepository.NavigateToRecipientChat(String recipient)
   at WhatsApp.SimpleCRM.Infra.Data.Repositories.SeleniumMessageRepository.SendMessage(String recipient, String message)
2022-08-24 22:35:38.568 -03:00 [ERR] Erro ao enviar a mensagem teste de mensagem do lucas para +5532998313394
OpenQA.Selenium.InvalidSelectorException: invalid selector: An invalid or illegal selector was specified
  (Session info: chrome=104.0.5112.102)
   at OpenQA.Selenium.Remote.RemoteWebDriver.UnpackAndThrowOnError(Response errorResponse)
   at OpenQA.Selenium.Remote.RemoteWebDriver.Execute(String driverCommandToExecute, Dictionary`2 parameters)
   at OpenQA.Selenium.Remote.RemoteWebElement.FindElement(String mechanism, String value)
   at WhatsApp.SimpleCRM.Infra.Data.Repositories.SeleniumMessageRepository.NavigateToRecipientChat(String recipient)
   at WhatsApp.SimpleCRM.Infra.Data.Repositories.SeleniumMessageRepository.SendMessage(String recipient, String message)
2022-08-24 22:35:39.243 -03:00 [INF] Programa finalizado.
2022-08-24 22:35:47.884 -03:00 [INF] Programa finalizado.
2022-08-24 22:45:25.568 -03:00 [ERR] Erro ao enviar a mensagem teste de mensagem do lucas para +5532998313394
OpenQA.Selenium.NoSuchElementException: no such element: Unable to locate element: {"method":"css selector","selector":"footer"}
  (Session info: chrome=104.0.5112.102)
   at OpenQA.Selenium.Remote.RemoteWebDriver.UnpackAndThrowOnError(Response errorResponse)
   at OpenQA.Selenium.Remote.RemoteWebDriver.Execute(String driverCommandToExecute, Dictionary`2 parameters)
   at OpenQA.Selenium.Remote.RemoteWebDriver.FindElement(String mechanism, String value)
   at WhatsApp.SimpleCRM.Infra.Data.Repositories.SeleniumMessageRepository.TypeMessage(String message) in C:\Users\lcsev\source\repos\DaniControl\Outros\WhatsApp.SimpleCRM.Infra.Data\Repositories\SeleniumMessageRepository.cs:line 229
   at WhatsApp.SimpleCRM.Infra.Data.Repositories.SeleniumMessageRepository.SendMessage(String recipient, String message) in C:\Users\lcsev\source\repos\DaniControl\Outros\WhatsApp.SimpleCRM.Infra.Data\Repositories\SeleniumMessageRepository.cs:line 182
2022-08-24 22:45:25.682 -03:00 [INF] Programa finalizado.
2022-08-24 22:49:14.340 -03:00 [ERR] Erro ao enviar a mensagem teste de mensagem do lucas para +5532998313394
OpenQA.Selenium.NoSuchElementException: no such element: Unable to locate element: {"method":"xpath","selector":"//span[@title='+5532998313394']"}
  (Session info: chrome=104.0.5112.102)
   at OpenQA.Selenium.Remote.RemoteWebDriver.UnpackAndThrowOnError(Response errorResponse)
   at OpenQA.Selenium.Remote.RemoteWebDriver.Execute(String driverCommandToExecute, Dictionary`2 parameters)
   at OpenQA.Selenium.Remote.RemoteWebElement.FindElement(String mechanism, String value)
   at WhatsApp.SimpleCRM.Infra.Data.Repositories.SeleniumMessageRepository.NavigateToRecipientChat(String recipient) in C:\Users\lcsev\source\repos\DaniControl\Outros\WhatsApp.SimpleCRM.Infra.Data\Repositories\SeleniumMessageRepository.cs:line 227
   at WhatsApp.SimpleCRM.Infra.Data.Repositories.SeleniumMessageRepository.SendMessage(String recipient, String message) in C:\Users\lcsev\source\repos\DaniControl\Outros\WhatsApp.SimpleCRM.Infra.Data\Repositories\SeleniumMessageRepository.cs:line 178
2022-08-24 22:49:14.566 -03:00 [INF] Programa finalizado.
2022-08-24 22:50:45.138 -03:00 [ERR] Erro ao enviar a mensagem teste de mensagem do lucas para +5532999593661
OpenQA.Selenium.WebDriverException: chrome not reachable
  (Session info: chrome=104.0.5112.102)
   at OpenQA.Selenium.Remote.RemoteWebDriver.UnpackAndThrowOnError(Response errorResponse)
   at OpenQA.Selenium.Remote.RemoteWebDriver.Execute(String driverCommandToExecute, Dictionary`2 parameters)
   at OpenQA.Selenium.Remote.RemoteWebElement.FindElement(String mechanism, String value)
   at WhatsApp.SimpleCRM.Infra.Data.Repositories.SeleniumMessageRepository.NavigateToRecipientChat(String recipient)
   at WhatsApp.SimpleCRM.Infra.Data.Repositories.SeleniumMessageRepository.SendMessage(String recipient, String message)
2022-08-24 22:50:45.161 -03:00 [INF] Programa finalizado.
2022-08-24 22:50:55.595 -03:00 [ERR] Erro ao tentar enviar mensagens
OpenQA.Selenium.WebDriverException: chrome not reachable
  (Session info: chrome=104.0.5112.102)
   at OpenQA.Selenium.Remote.RemoteWebDriver.UnpackAndThrowOnError(Response errorResponse)
   at OpenQA.Selenium.Remote.RemoteWebDriver.Execute(String driverCommandToExecute, Dictionary`2 parameters)
   at OpenQA.Selenium.Remote.RemoteWindow.Minimize()
   at WhatsApp.SimpleCRM.Infra.Data.Repositories.SeleniumMessageRepository.OpenBrowser()
   at WhatsApp.SimpleCRM.Infra.Data.Repositories.SeleniumMessageRepository.SendBatch(IEnumerable`1 communications)
2022-08-24 22:50:55.597 -03:00 [INF] Programa finalizado.
2022-08-24 22:53:13.141 -03:00 [ERR] Erro ao enviar a mensagem teste de mensagem do lucas para +5532999593661
OpenQA.Selenium.StaleElementReferenceException: stale element reference: element is not attached to the page document
  (Session info: chrome=104.0.5112.102)
   at OpenQA.Selenium.Remote.RemoteWebDriver.UnpackAndThrowOnError(Response errorResponse)
   at OpenQA.Selenium.Remote.RemoteWebDriver.Execute(String driverCommandToExecute, Dictionary`2 parameters)
   at OpenQA.Selenium.Remote.RemoteWebElement.FindElement(String mechanism, String value)
   at WhatsApp.SimpleCRM.Infra.Data.Repositories.SeleniumMessageRepository.NavigateToRecipientChat(String recipient)
   at WhatsApp.SimpleCRM.Infra.Data.Repositories.SeleniumMessageRepository.SendMessage(String recipient, String message)
2022-08-24 22:53:13.240 -03:00 [INF] Programa finalizado.
2022-08-24 22:53:24.532 -03:00 [INF] Programa finalizado.
2022-08-24 22:53:38.802 -03:00 [INF] Programa finalizado.
2022-08-24 22:54:03.302 -03:00 [INF] Programa finalizado.
2022-08-24 22:54:48.669 -03:00 [INF] Programa finalizado.
2022-08-24 22:56:29.555 -03:00 [ERR] Erro ao enviar a mensagem teste de mensagem do lucas para +5532999593661
OpenQA.Selenium.NoSuchElementException: no such element: Unable to locate element: {"method":"css selector","selector":"footer"}
  (Session info: chrome=104.0.5112.102)
   at OpenQA.Selenium.Remote.RemoteWebDriver.UnpackAndThrowOnError(Response errorResponse)
   at OpenQA.Selenium.Remote.RemoteWebDriver.Execute(String driverCommandToExecute, Dictionary`2 parameters)
   at OpenQA.Selenium.Remote.RemoteWebDriver.FindElement(String mechanism, String value)
   at WhatsApp.SimpleCRM.Infra.Data.Repositories.SeleniumMessageRepository.TypeMessage(String message) in C:\Users\lcsev\source\repos\DaniControl\Outros\WhatsApp.SimpleCRM.Infra.Data\Repositories\SeleniumMessageRepository.cs:line 222
   at WhatsApp.SimpleCRM.Infra.Data.Repositories.SeleniumMessageRepository.SendMessage(String recipient, String message) in C:\Users\lcsev\source\repos\DaniControl\Outros\WhatsApp.SimpleCRM.Infra.Data\Repositories\SeleniumMessageRepository.cs:line 178
2022-08-24 22:56:29.694 -03:00 [INF] Programa finalizado.
2022-08-24 22:57:29.453 -03:00 [INF] Programa finalizado.
2022-08-24 22:57:47.420 -03:00 [INF] Programa finalizado.
2022-08-24 22:57:59.731 -03:00 [INF] Programa finalizado.
2022-08-24 23:11:30.135 -03:00 [INF] Programa finalizado.
2022-08-24 23:11:54.430 -03:00 [INF] Programa finalizado.
2022-08-24 23:12:16.721 -03:00 [INF] Programa finalizado.
2022-08-24 23:13:41.424 -03:00 [INF] Programa finalizado.
2022-08-24 23:14:04.707 -03:00 [INF] Programa finalizado.
2022-08-24 23:14:39.804 -03:00 [ERR] O destinatário da mensagem não foi informado
2022-08-24 23:14:48.321 -03:00 [ERR] Erro ao enviar a mensagem ultima mensagem  para null
OpenQA.Selenium.StaleElementReferenceException: stale element reference: element is not attached to the page document
  (Session info: chrome=104.0.5112.102)
   at OpenQA.Selenium.Remote.RemoteWebDriver.UnpackAndThrowOnError(Response errorResponse)
   at OpenQA.Selenium.Remote.RemoteWebDriver.Execute(String driverCommandToExecute, Dictionary`2 parameters)
   at OpenQA.Selenium.Remote.RemoteWebElement.Click()
   at WhatsApp.SimpleCRM.Infra.Data.Repositories.SeleniumMessageRepository.NavigateToRecipientChat(String recipient) in C:\Users\lcsev\source\repos\DaniControl\Outros\WhatsApp.SimpleCRM.Infra.Data\Repositories\SeleniumMessageRepository.cs:line 213
   at WhatsApp.SimpleCRM.Infra.Data.Repositories.SeleniumMessageRepository.SendMessage(String recipient, String message) in C:\Users\lcsev\source\repos\DaniControl\Outros\WhatsApp.SimpleCRM.Infra.Data\Repositories\SeleniumMessageRepository.cs:line 174
2022-08-24 23:14:48.400 -03:00 [INF] Programa finalizado.
2022-08-24 23:14:52.874 -03:00 [INF] Programa finalizado.
